   Compiling martins v0.1.0 (/Users/bayma/dev/lucas/martins)
warning: variant `ModifiedFiles` is never constructed
  --> src/ui/picker.rs:20:5
   |
18 | pub enum PickerKind {
   |          ---------- variant in this enum
19 |     Workspaces,
20 |     ModifiedFiles,
   |     ^^^^^^^^^^^^^
   |
   = note: `PickerKind` has derived impls for the traits `Clone` and `Debug`, but these are intentionally ignored during dead code analysis
   = note: `#[warn(dead_code)]` (part of `#[warn(unused)]`) on by default

warning: `martins` (bin "martins" test) generated 1 warning
    Finished `test` profile [unoptimized + debuginfo] target(s) in 2.61s
     Running unittests src/main.rs (target/debug/deps/martins-19e2720fcf8cd205)

running 4 tests
test ui::picker::tests::navigate_and_select ... ok
test ui::picker::tests::esc_cancels ... ok
test ui::picker::tests::fuzzy_filter ... ok
test ui::picker::tests::renders_without_panic ... ok

test result: ok. 4 passed; 0 failed; 0 ignored; 0 measured; 63 filtered out; finished in 0.00s

