    Blocking waiting for file lock on package cache
    Blocking waiting for file lock on package cache
    Blocking waiting for file lock on package cache
    Blocking waiting for file lock on artifact directory
   Compiling aho-corasick v1.1.4
   Compiling regex-syntax v0.8.10
   Compiling rustix v1.1.4
   Compiling predicates-core v1.0.10
   Compiling getrandom v0.4.2
   Compiling float-cmp v0.10.0
   Compiling normalize-line-endings v0.3.0
   Compiling difflib v0.4.0
   Compiling termtree v0.5.1
   Compiling anstyle v1.0.14
   Compiling console v0.16.3
   Compiling wait-timeout v0.2.1
   Compiling similar v2.7.0
   Compiling predicates-tree v1.0.13
   Compiling crossterm v0.29.0
   Compiling tempfile v3.27.0
   Compiling insta v1.47.2
   Compiling regex-automata v0.4.14
   Compiling ratatui-crossterm v0.1.0
   Compiling ratatui v0.30.0
   Compiling regex v1.12.3
   Compiling matchers v0.2.0
   Compiling bstr v1.12.1
   Compiling tracing-subscriber v0.3.23
   Compiling predicates v3.1.4
   Compiling assert_cmd v2.2.1
   Compiling tracing-appender v0.2.5
   Compiling martins v0.1.0 (/Users/bayma/dev/lucas/martins)
warning: enum `InputMode` is never used
 --> src/keys.rs:4:10
  |
4 | pub enum InputMode {
  |          ^^^^^^^^^
  |
  = note: `#[warn(dead_code)]` (part of `#[warn(unused)]`) on by default

warning: enum `AppError` is never used
 --> src/error.rs:6:10
  |
6 | pub enum AppError {
  |          ^^^^^^^^

warning: `martins` (bin "martins" test) generated 2 warnings
    Finished `test` profile [unoptimized + debuginfo] target(s) in 3.75s
     Running unittests src/main.rs (target/debug/deps/martins-19e2720fcf8cd205)

running 1 test
{"version":1,"workspaces":[{"name":"caetano","worktree_path":"/tmp/repo-caetano","base_branch":"main","agent":"Opencode","status":"Active","created_at":"2024-01-01T00:00:00Z","tabs":[]}]}
test state::tests::roundtrip ... ok

test result: ok. 1 passed; 0 failed; 0 ignored; 0 measured; 0 filtered out; finished in 0.00s

