   Compiling martins v0.1.0 (/Users/bayma/dev/lucas/martins)
warning: function `open_in_editor` is never used
 --> src/editor.rs:9:8
  |
9 | pub fn open_in_editor(path: &Path) -> Result<()> {
  |        ^^^^^^^^^^^^^^
  |
  = note: `#[warn(dead_code)]` (part of `#[warn(unused)]`) on by default

warning: `martins` (bin "martins" test) generated 1 warning
    Finished `test` profile [unoptimized + debuginfo] target(s) in 1.80s
     Running unittests src/main.rs (target/debug/deps/martins-19e2720fcf8cd205)

running 3 tests
test ui::preview::tests::preview_missing_file ... ok
test ui::preview::tests::preview_text_file ... ok
test ui::preview::tests::render_preview_no_panic ... ok

test result: ok. 3 passed; 0 failed; 0 ignored; 0 measured; 72 filtered out; finished in 0.00s

warning: function `open_in_editor` is never used
 --> src/editor.rs:9:8
  |
9 | pub fn open_in_editor(path: &Path) -> Result<()> {
  |        ^^^^^^^^^^^^^^
  |
  = note: `#[warn(dead_code)]` (part of `#[warn(unused)]`) on by default

warning: `martins` (bin "martins" test) generated 1 warning
    Finished `test` profile [unoptimized + debuginfo] target(s) in 0.08s
     Running unittests src/main.rs (target/debug/deps/martins-19e2720fcf8cd205)

running 1 test
test editor::tests::editor_env_fallback ... ok

test result: ok. 1 passed; 0 failed; 0 ignored; 0 measured; 74 filtered out; finished in 0.00s

   Compiling martins v0.1.0 (/Users/bayma/dev/lucas/martins)
    Finished `test` profile [unoptimized + debuginfo] target(s) in 0.89s
     Running unittests src/main.rs (target/debug/deps/martins-19e2720fcf8cd205)

running 3 tests
test ui::preview::tests::render_preview_no_panic ... ok
test ui::preview::tests::preview_missing_file ... ok
test ui::preview::tests::preview_text_file ... ok

test result: ok. 3 passed; 0 failed; 0 ignored; 0 measured; 72 filtered out; finished in 0.00s

    Finished `test` profile [unoptimized + debuginfo] target(s) in 0.09s
     Running unittests src/main.rs (target/debug/deps/martins-19e2720fcf8cd205)

running 1 test
test editor::tests::editor_env_fallback ... ok

test result: ok. 1 passed; 0 failed; 0 ignored; 0 measured; 74 filtered out; finished in 0.00s

