   Compiling martins v0.1.0 (/Users/bayma/dev/lucas/martins)
warning: field `delete_branch` is never read
  --> src/ui/modal.rs:26:9
   |
23 | pub struct DeleteForm {
   |            ---------- field in this struct
...
26 |     pub delete_branch: bool,
   |         ^^^^^^^^^^^^^
   |
   = note: `DeleteForm` has derived impls for the traits `Clone` and `Debug`, but these are intentionally ignored during dead code analysis
   = note: `#[warn(dead_code)]` (part of `#[warn(unused)]`) on by default

warning: field `confirmed` is never read
  --> src/ui/modal.rs:32:9
   |
30 | pub struct InstallForm {
   |            ----------- field in this struct
31 |     pub missing_tools: Vec<Tool>,
32 |     pub confirmed: bool,
   |         ^^^^^^^^^
   |
   = note: `InstallForm` has derived impls for the traits `Clone` and `Debug`, but these are intentionally ignored during dead code analysis

warning: variant `InstallMissing` is never constructed
  --> src/ui/modal.rs:41:5
   |
36 | pub enum Modal {
   |          ----- variant in this enum
...
41 |     InstallMissing(InstallForm),
   |     ^^^^^^^^^^^^^^
   |
   = note: `Modal` has derived impls for the traits `Clone` and `Debug`, but these are intentionally ignored during dead code analysis

warning: `martins` (bin "martins" test) generated 3 warnings
    Finished `test` profile [unoptimized + debuginfo] target(s) in 1.90s
     Running unittests src/main.rs (target/debug/deps/martins-19e2720fcf8cd205)

running 3 tests
test ui::modal::tests::none_modal_renders_nothing ... ok
test ui::modal::tests::delete_modal_with_unpushed_warning ... ok
test ui::modal::tests::new_workspace_modal_renders ... ok

test result: ok. 3 passed; 0 failed; 0 ignored; 0 measured; 60 filtered out; finished in 0.00s

