    Blocking waiting for file lock on package cache
    Blocking waiting for file lock on package cache
    Blocking waiting for file lock on package cache
   Compiling martins v0.1.0 (/Users/bayma/dev/lucas/martins)
warning: methods `archive`, `unarchive`, `remove`, `active`, `archived`, and `used_names` are never used
   --> src/state.rs:145:12
    |
 65 | impl AppState {
    | ------------- methods in this implementation
...
145 |     pub fn archive(&mut self, name: &str) {
    |            ^^^^^^^
...
151 |     pub fn unarchive(&mut self, name: &str) {
    |            ^^^^^^^^^
...
157 |     pub fn remove(&mut self, name: &str) {
    |            ^^^^^^
...
161 |     pub fn active(&self) -> impl Iterator<Item = &Workspace> {
    |            ^^^^^^
...
167 |     pub fn archived(&self) -> impl Iterator<Item = &Workspace> {
    |            ^^^^^^^^
...
173 |     pub fn used_names(&self) -> HashSet<String> {
    |            ^^^^^^^^^^
    |
    = note: `#[warn(dead_code)]` (part of `#[warn(unused)]`) on by default

warning: `martins` (bin "martins" test) generated 1 warning
    Finished `test` profile [unoptimized + debuginfo] target(s) in 1.67s
     Running unittests src/main.rs (target/debug/deps/martins-19e2720fcf8cd205)

running 5 tests
test state::tests::load_missing_returns_default ... ok
test state::tests::atomic_write ... ok
test state::tests::roundtrip ... ok
test state::tests::unsupported_version ... ok
test state::tests::backup_recovery ... ok

test result: ok. 5 passed; 0 failed; 0 ignored; 0 measured; 7 filtered out; finished in 0.00s

