   Compiling martins v0.1.0 (/Users/bayma/dev/lucas/martins)
warning: field `path` is never read
  --> src/agents.rs:12:9
   |
 9 | pub struct AgentInfo {
   |            --------- field in this struct
...
12 |     pub path: Option<PathBuf>,
   |         ^^^^
   |
   = note: `AgentInfo` has derived impls for the traits `Clone` and `Debug`, but these are intentionally ignored during dead code analysis
   = note: `#[warn(dead_code)]` (part of `#[warn(unused)]`) on by default

warning: `martins` (bin "martins" test) generated 1 warning
    Finished `test` profile [unoptimized + debuginfo] target(s) in 2.20s
     Running unittests src/main.rs (target/debug/deps/martins-19e2720fcf8cd205)

running 5 tests
test agents::tests::create_workspace_invalid_name ... ok
test agents::tests::create_workspace_custom_name ... ok
test agents::tests::create_workspace_auto_name ... ok
test agents::tests::default_agent_returns_something ... ok
test agents::tests::detect_agents_returns_list ... ok

test result: ok. 5 passed; 0 failed; 0 ignored; 0 measured; 75 filtered out; finished in 0.00s

